07-11-2018 14:32:49.875 o.s.b.w.s.c.AnnotationConfigServletWebServerApplicationContext.refresh Exception encountered during context initialization - cancelling refresh attempt: org.springframework.beans.factory.UnsatisfiedDependencyException: Error creating bean with name 'listasRESTController': Unsatisfied dependency expressed through field 'listaBusiness'; nested exception is org.springframework.beans.factory.NoSuchBeanDefinitionException: No qualifying bean of type 'ar.edu.iua.ingweb3proyecto.business.IListaBusiness' available: expected at least 1 bean which qualifies as autowire candidate. Dependency annotations: {@org.springframework.beans.factory.annotation.Autowired(required=true)}
07-11-2018 14:32:50.041 o.s.b.d.LoggingFailureAnalysisReporter.report 

***************************
APPLICATION FAILED TO START
***************************

Description:

Field listaBusiness in ar.edu.iua.ingweb3proyecto.web.services.ListasRESTController required a bean of type 'ar.edu.iua.ingweb3proyecto.business.IListaBusiness' that could not be found.

The injection point has the following annotations:
	- @org.springframework.beans.factory.annotation.Autowired(required=true)


Action:

Consider defining a bean of type 'ar.edu.iua.ingweb3proyecto.business.IListaBusiness' in your configuration.

07-11-2018 14:36:42.980 o.s.b.w.s.c.AnnotationConfigServletWebServerApplicationContext.refresh Exception encountered during context initialization - cancelling refresh attempt: org.springframework.beans.factory.UnsatisfiedDependencyException: Error creating bean with name 'listasRESTController': Unsatisfied dependency expressed through field 'listaBusiness'; nested exception is org.springframework.beans.factory.NoSuchBeanDefinitionException: No qualifying bean of type 'ar.edu.iua.ingweb3proyecto.business.IListaBusiness' available: expected at least 1 bean which qualifies as autowire candidate. Dependency annotations: {@org.springframework.beans.factory.annotation.Autowired(required=true)}
07-11-2018 14:36:43.172 o.s.b.d.LoggingFailureAnalysisReporter.report 

***************************
APPLICATION FAILED TO START
***************************

Description:

Field listaBusiness in ar.edu.iua.ingweb3proyecto.web.services.ListasRESTController required a bean of type 'ar.edu.iua.ingweb3proyecto.business.IListaBusiness' that could not be found.

The injection point has the following annotations:
	- @org.springframework.beans.factory.annotation.Autowired(required=true)


Action:

Consider defining a bean of type 'ar.edu.iua.ingweb3proyecto.business.IListaBusiness' in your configuration.

